Build started 09.06.2015 21:49:30.
     1>Project "E:\studing\C++\lab5\1\c-lab-5\1\1.vcxproj" on node 2 (Build target(s)).
     1>ClCompile:
         C:\Program Files\Microsoft Visual Studio 12.0\VC\bin\CL.exe /c /ZI /nologo /W3 /WX- /sdl /Od /Oy- /D WIN32 /D _DEBUG /D _CONSOLE /D _LIB /D _UNICODE /D UNICODE /Gm /EHsc /RTC1 /MDd /GS /fp:precise /Zc:wchar_t /Zc:forScope /Yu"stdafx.h" /Fp"Debug\1.pch" /Fo"Debug\\" /Fd"Debug\vc120.pdb" /Gd /TP /analyze- /errorReport:prompt 1.cpp DialogManager.cpp DlgCommand.cpp Link.cpp LinkPerson.cpp LinkURL.cpp Workspace.cpp
         Workspace.cpp
     1>e:\studing\c++\lab5\1\c-lab-5\1\workspace.cpp(84): warning C4018: '<' : signed/unsigned mismatch
         LinkURL.cpp
         LinkPerson.cpp
         Link.cpp
         DlgCommand.cpp
         DialogManager.cpp
     1>e:\studing\c++\lab5\1\c-lab-5\1\dialogmanager.cpp(30): warning C4018: '<' : signed/unsigned mismatch
         1.cpp
     1>e:\studing\c++\lab5\1\c-lab-5\1\1.cpp(19): warning C4129: 'l' : unrecognized character escape sequence
     1>e:\studing\c++\lab5\1\c-lab-5\1\1.cpp(25): warning C4129: 'l' : unrecognized character escape sequence
         Generating Code...
       Link:
         C:\Program Files\Microsoft Visual Studio 12.0\VC\bin\link.exe /ERRORREPORT:PROMPT /OUT:"E:\studing\C++\lab5\1\c-lab-5\Debug\1.exe" /INCREMENTAL /NOLOGO kernel32.lib user32.lib gdi32.lib winspool.lib comdlg32.lib advapi32.lib shell32.lib ole32.lib oleaut32.lib uuid.lib odbc32.lib odbccp32.lib /MANIFEST /MANIFESTUAC:"level='asInvoker' uiAccess='false'" /manifest:embed /DEBUG /PDB:"E:\studing\C++\lab5\1\c-lab-5\Debug\1.pdb" /SUBSYSTEM:CONSOLE /TLBID:1 /DYNAMICBASE /NXCOMPAT /IMPLIB:"E:\studing\C++\lab5\1\c-lab-5\Debug\1.lib" /MACHINE:X86 Debug\1.obj
         Debug\DataChain.obj
         Debug\DataSimple.obj
         Debug\DialogManager.obj
         Debug\DlgCommand.obj
         Debug\Link.obj
         Debug\LinkPerson.obj
         Debug\LinkURL.obj
         Debug\stdafx.obj
         Debug\Workspace.obj
         1.vcxproj -> E:\studing\C++\lab5\1\c-lab-5\Debug\1.exe
     1>Done Building Project "E:\studing\C++\lab5\1\c-lab-5\1\1.vcxproj" (Build target(s)).

Build succeeded.

Time Elapsed 00:00:09.26
